[Mon, 24 Oct 16 11:57:07 +0200][INFO] zeoharlem@yahoo.co.uk Logged Into Backend Application
[Mon, 24 Oct 16 17:20:28 +0200][INFO] zeoharlem@yahoo.co.uk Logged Into Backend Application
[Mon, 24 Oct 16 17:37:06 +0200][INFO] zeoharlem@yahoo.co.uk Logged Into Backend Application
[Tue, 25 Oct 16 14:12:13 +0200][INFO] zeoharlem@yahoo.co.uk Logged Into Backend Application
[Wed, 26 Oct 16 01:00:17 +0200][INFO] zeoharlem@yahoo.co.uk Logged Into Backend Application
[Thu, 27 Oct 16 00:36:53 +0200][INFO] zeoharlem@yahoo.co.uk Logged Into Backend Application
[Thu, 27 Oct 16 00:41:55 +0200][INFO] zeoharlem@yahoo.co.uk Logged Into Backend Application
[Thu, 27 Oct 16 12:34:02 +0200][INFO] zeoharlem@yahoo.co.uk Logged Into Backend Application
[Thu, 27 Oct 16 12:52:06 +0200][INFO] zeoharlem@yahoo.co.uk Logged Into Backend Application
[Thu, 27 Oct 16 14:27:20 +0200][INFO] zeoharlem@yahoo.co.uk Logged Into Backend Application
[Thu, 27 Oct 16 15:50:21 +0200][INFO] zeoharlem@yahoo.co.uk Logged Into Backend Application
[Thu, 27 Oct 16 20:02:55 +0200][INFO] zeoharlem@yahoo.co.uk Logged Into Backend Application
[Thu, 27 Oct 16 20:33:15 +0200][INFO] zeoharlem@yahoo.co.uk Logged Into Backend Application
[Thu, 27 Oct 16 21:27:02 +0200][INFO] zeoharlem@yahoo.co.uk Logged Into Backend Application
[Fri, 28 Oct 16 06:40:34 +0200][INFO] zeoharlem@yahoo.co.uk Logged Into Backend Application
[Fri, 28 Oct 16 06:42:20 +0200][INFO] zeoharlem@yahoo.co.uk Logged Into Backend Application
[Fri, 28 Oct 16 06:42:20 +0200][INFO] zeoharlem@yahoo.co.uk Logged Into Backend Application
[Fri, 28 Oct 16 06:42:20 +0200][INFO] zeoharlem@yahoo.co.uk Logged Into Backend Application
[Fri, 28 Oct 16 20:29:59 +0200][INFO] zeoharlem@yahoo.co.uk Logged Into Backend Application
[Mon, 31 Oct 16 20:02:21 +0100][INFO] zeoharlem@yahoo.co.uk Logged Into Backend Application
[Fri, 04 Nov 16 20:54:35 +0100][INFO] zeoharlem@yahoo.co.uk Logged Into Backend Application
[Fri, 04 Nov 16 22:32:37 +0100][INFO] zeoharlem@yahoo.co.uk Logged Into Backend Application
[Mon, 14 Nov 16 16:56:57 +0100][INFO] zeoharlem@yahoo.co.uk Logged Into Backend Application
[Fri, 25 Nov 16 08:49:04 +0100][INFO] zeoharlem@yahoo.co.uk Logged Into Backend Application
